21:04:44.286 [main] INFO  com.mindtree.runner.AtlanticApplication - proceed to checkout
21:05:55.312 [main] INFO  com.mindtree.runner.AtlanticApplication - navigated to home page
21:05:55.355 [main] INFO  com.mindtree.runner.AtlanticApplication - Successfully validated Text
21:05:56.196 [main] INFO  com.mindtree.runner.AtlanticApplication -  entered email id
21:05:56.288 [main] INFO  com.mindtree.runner.AtlanticApplication - entered password
21:06:06.781 [main] INFO  com.mindtree.runner.AtlanticApplication - navigated to home page
21:06:06.817 [main] INFO  com.mindtree.runner.AtlanticApplication - Successfully validated Text
21:06:09.452 [main] INFO  com.mindtree.runner.AtlanticApplication -  entered email id
21:06:09.529 [main] INFO  com.mindtree.runner.AtlanticApplication - entered password
21:06:35.396 [main] INFO  com.mindtree.runner.AtlanticApplication - Searching for the book 1
21:06:51.186 [main] INFO  com.mindtree.runner.AtlanticApplication - Searching for the book 2
21:07:01.528 [main] INFO  com.mindtree.runner.AtlanticApplication - Searching for the book 3
21:07:13.342 [main] INFO  com.mindtree.runner.AtlanticApplication - navigated to home page
21:07:13.525 [main] INFO  com.mindtree.runner.AtlanticApplication - navigated to Categories
21:07:29.557 [main] INFO  com.mindtree.runner.AtlanticApplication - navigated to Computers Category Page
21:07:30.095 [main] INFO  com.mindtree.runner.AtlanticApplication - Got the Recommended books
21:07:38.103 [main] INFO  com.mindtree.runner.AtlanticApplication - got the first recommended book
21:07:38.222 [main] INFO  com.mindtree.runner.AtlanticApplication - adding the book to cart
21:07:44.341 [main] INFO  com.mindtree.runner.AtlanticApplication - checking the cart
21:07:47.065 [main] INFO  com.mindtree.runner.AtlanticApplication - view the cart info
21:07:51.676 [main] INFO  com.mindtree.runner.AtlanticApplication - proceed to checkout
19:27:28.557 [main] INFO  com.mindtree.runner.AtlanticApplication - navigated to home page
19:27:28.655 [main] INFO  com.mindtree.runner.AtlanticApplication - Successfully validated Text
19:27:29.658 [main] INFO  com.mindtree.runner.AtlanticApplication -  entered email id
19:27:29.766 [main] INFO  com.mindtree.runner.AtlanticApplication - entered password
19:27:45.371 [main] INFO  com.mindtree.runner.AtlanticApplication - navigated to home page
19:27:45.423 [main] INFO  com.mindtree.runner.AtlanticApplication - Successfully validated Text
19:27:46.336 [main] INFO  com.mindtree.runner.AtlanticApplication -  entered email id
19:27:46.466 [main] INFO  com.mindtree.runner.AtlanticApplication - entered password
19:30:29.053 [main] INFO  com.mindtree.runner.AtlanticApplication - Searching for the book 1
19:30:43.761 [main] INFO  com.mindtree.runner.AtlanticApplication - navigated to home page
19:30:44.440 [main] INFO  com.mindtree.runner.AtlanticApplication - navigated to Categories
19:32:34.299 [main] INFO  com.mindtree.runner.AtlanticApplication - navigated to home page
19:32:34.339 [main] INFO  com.mindtree.runner.AtlanticApplication - Successfully validated Text
19:32:35.233 [main] INFO  com.mindtree.runner.AtlanticApplication -  entered email id
19:32:35.337 [main] INFO  com.mindtree.runner.AtlanticApplication - entered password
19:32:48.398 [main] INFO  com.mindtree.runner.AtlanticApplication - navigated to home page
19:32:48.448 [main] INFO  com.mindtree.runner.AtlanticApplication - Successfully validated Text
19:32:56.530 [main] INFO  com.mindtree.runner.AtlanticApplication -  entered email id
19:32:56.627 [main] INFO  com.mindtree.runner.AtlanticApplication - entered password
19:33:19.118 [main] INFO  com.mindtree.runner.AtlanticApplication - Searching for the book 1
19:33:31.298 [main] INFO  com.mindtree.runner.AtlanticApplication - Searching for the book 2
19:33:54.862 [main] INFO  com.mindtree.runner.AtlanticApplication - Searching for the book 3
19:34:09.600 [main] INFO  com.mindtree.runner.AtlanticApplication - navigated to home page
19:34:09.822 [main] INFO  com.mindtree.runner.AtlanticApplication - navigated to Categories
19:34:13.556 [main] INFO  com.mindtree.runner.AtlanticApplication - navigated to Computers Category Page
19:34:14.106 [main] INFO  com.mindtree.runner.AtlanticApplication - Got the Recommended books
19:38:32.627 [main] INFO  com.mindtree.runner.AtlanticApplication - navigated to home page
19:38:32.702 [main] INFO  com.mindtree.runner.AtlanticApplication - Successfully validated Text
19:38:33.900 [main] INFO  com.mindtree.runner.AtlanticApplication -  entered email id
19:38:34.008 [main] INFO  com.mindtree.runner.AtlanticApplication - entered password
19:38:51.695 [main] INFO  com.mindtree.runner.AtlanticApplication - navigated to home page
19:38:51.752 [main] INFO  com.mindtree.runner.AtlanticApplication - Successfully validated Text
19:38:52.687 [main] INFO  com.mindtree.runner.AtlanticApplication -  entered email id
19:38:52.812 [main] INFO  com.mindtree.runner.AtlanticApplication - entered password
